2025-01-10T15:09:13Z INF Traefik version 3.2.1 built on 2024-11-20T17:39:47Z version=3.2.1
2025-01-10T15:09:13Z INF 
Stats collection is disabled.
Help us improve Traefik by turning this feature on :)
More details on: https://doc.traefik.io/traefik/contributing/data-collection/

2025-01-10T15:09:13Z INF Loading plugins... plugins=["fail2ban","geoblock","traefik-plugin-geoblock"]
2025-01-10T15:09:16Z INF Plugins loaded. plugins=["fail2ban","geoblock","traefik-plugin-geoblock"]
2025-01-10T15:09:16Z INF Starting provider aggregator *aggregator.ProviderAggregator
2025-01-10T15:09:16Z INF Starting provider *file.Provider
2025-01-10T15:09:16Z INF Starting provider *traefik.Provider
2025-01-10T15:09:16Z INF Starting provider *acme.ChallengeTLSALPN
2025-01-10T15:09:16Z INF Starting provider *docker.Provider
2025-01-10T15:09:46Z INF I have to go...
2025-01-10T15:09:46Z INF Stopping server gracefully
2025-01-10T15:09:46Z ERR error="accept tcp [::]:80: use of closed network connection" entryPointName=web
2025-01-10T15:09:46Z ERR error="accept tcp [::]:443: use of closed network connection" entryPointName=websecure
2025-01-10T15:09:46Z ERR error="accept tcp [::]:8082: use of closed network connection" entryPointName=metrics
2025-01-10T15:09:46Z ERR error="close tcp [::]:80: use of closed network connection" entryPointName=web
2025-01-10T15:09:46Z ERR error="close tcp [::]:8082: use of closed network connection" entryPointName=metrics
2025-01-10T15:09:46Z ERR error="close tcp [::]:443: use of closed network connection" entryPointName=websecure
2025-01-10T15:09:47Z INF Shutting down
2025-01-10T15:09:47Z INF Server stopped
2025-01-10T15:09:48Z INF Traefik version 3.2.1 built on 2024-11-20T17:39:47Z version=3.2.1
2025-01-10T15:09:48Z INF 
Stats collection is disabled.
Help us improve Traefik by turning this feature on :)
More details on: https://doc.traefik.io/traefik/contributing/data-collection/

2025-01-10T15:09:48Z INF Loading plugins... plugins=["fail2ban","geoblock"]
2025-01-10T15:09:50Z INF Plugins loaded. plugins=["fail2ban","geoblock"]
2025-01-10T15:09:50Z INF Starting provider aggregator *aggregator.ProviderAggregator
2025-01-10T15:09:50Z INF Starting provider *file.Provider
2025-01-10T15:09:50Z INF Starting provider *traefik.Provider
2025-01-10T15:09:50Z INF Starting provider *acme.ChallengeTLSALPN
2025-01-10T15:09:50Z INF Starting provider *docker.Provider
2025-01-10T15:10:38Z WRN Failed to inspect container 8e16f9816117b6a33ff6ec67b6ff3b41cef6af1302ce0a58e65a61cba29f0bce error="Error response from daemon: No such container: 8e16f9816117b6a33ff6ec67b6ff3b41cef6af1302ce0a58e65a61cba29f0bce" providerName=docker
2025-01-10T15:14:57Z INF I have to go...
2025-01-10T15:14:57Z INF Stopping server gracefully
2025-01-10T15:14:57Z ERR error="accept tcp [::]:443: use of closed network connection" entryPointName=websecure
2025-01-10T15:14:57Z ERR error="close tcp [::]:443: use of closed network connection" entryPointName=websecure
2025-01-10T15:14:57Z ERR error="accept tcp [::]:80: use of closed network connection" entryPointName=web
2025-01-10T15:14:57Z ERR error="accept tcp [::]:8082: use of closed network connection" entryPointName=metrics
2025-01-10T15:14:57Z ERR error="close tcp [::]:80: use of closed network connection" entryPointName=web
2025-01-10T15:14:57Z ERR error="close tcp [::]:8082: use of closed network connection" entryPointName=metrics
2025-01-10T15:14:58Z INF Shutting down
2025-01-10T15:14:58Z INF Server stopped
2025-01-10T15:15:01Z INF Traefik version 3.2.1 built on 2024-11-20T17:39:47Z version=3.2.1
2025-01-10T15:15:01Z INF 
Stats collection is disabled.
Help us improve Traefik by turning this feature on :)
More details on: https://doc.traefik.io/traefik/contributing/data-collection/

2025-01-10T15:15:01Z INF Loading plugins... plugins=["fail2ban","geoblock"]
2025-01-10T15:15:04Z INF Plugins loaded. plugins=["fail2ban","geoblock"]
2025-01-10T15:15:04Z INF Starting provider aggregator *aggregator.ProviderAggregator
2025-01-10T15:15:04Z INF Starting provider *file.Provider
2025-01-10T15:15:04Z INF Starting provider *traefik.Provider
2025-01-10T15:15:04Z INF Starting provider *docker.Provider
2025-01-10T15:15:04Z INF Starting provider *acme.ChallengeTLSALPN
2025-01-10T15:16:26Z WRN Failed to inspect container 53c991753edac2b69811e6f1ef6138b28a98b23adc44ecc30ab316278b02ce21 error="Error response from daemon: No such container: 53c991753edac2b69811e6f1ef6138b28a98b23adc44ecc30ab316278b02ce21" providerName=docker
2025-01-10T15:21:32Z WRN Failed to inspect container d7193feba8c43d83c1b14ec73627db744b943477256d479df2e8339455d3bd4d error="Error response from daemon: No such container: d7193feba8c43d83c1b14ec73627db744b943477256d479df2e8339455d3bd4d" providerName=docker
2025-01-10T15:21:56Z INF I have to go...
2025-01-10T15:21:56Z INF Stopping server gracefully
2025-01-10T15:21:56Z ERR error="accept tcp [::]:8082: use of closed network connection" entryPointName=metrics
2025-01-10T15:21:56Z ERR error="accept tcp [::]:443: use of closed network connection" entryPointName=websecure
2025-01-10T15:21:56Z ERR error="close tcp [::]:8082: use of closed network connection" entryPointName=metrics
2025-01-10T15:21:56Z ERR error="accept tcp [::]:80: use of closed network connection" entryPointName=web
2025-01-10T15:21:56Z ERR error="close tcp [::]:443: use of closed network connection" entryPointName=websecure
2025-01-10T15:21:56Z ERR Error while starting server error="accept tcp [::]:80: use of closed network connection" entryPointName=web
2025-01-10T15:21:56Z INF Server stopped
2025-01-10T15:21:56Z INF Shutting down
2025-01-10T15:22:09Z INF Traefik version 3.2.1 built on 2024-11-20T17:39:47Z version=3.2.1
2025-01-10T15:22:09Z INF 
Stats collection is disabled.
Help us improve Traefik by turning this feature on :)
More details on: https://doc.traefik.io/traefik/contributing/data-collection/

2025-01-10T15:22:09Z INF Loading plugins... plugins=["fail2ban","geoblock"]
2025-01-10T15:22:12Z INF Plugins loaded. plugins=["fail2ban","geoblock"]
2025-01-10T15:22:12Z INF Starting provider aggregator *aggregator.ProviderAggregator
2025-01-10T15:22:12Z INF Starting provider *file.Provider
2025-01-10T15:22:12Z INF Starting provider *traefik.Provider
2025-01-10T15:22:12Z INF Starting provider *acme.ChallengeTLSALPN
2025-01-10T15:22:12Z INF Starting provider *docker.Provider
2025-01-10T15:23:11Z WRN Failed to inspect container 1867cddf639065950f4fa7f7bc91490d30dcbc013dcd6a7cd41c541021196700 error="Error response from daemon: No such container: 1867cddf639065950f4fa7f7bc91490d30dcbc013dcd6a7cd41c541021196700" providerName=docker
2025-01-10T15:24:12Z INF I have to go...
2025-01-10T15:24:12Z INF Stopping server gracefully
2025-01-10T15:24:12Z ERR error="accept tcp [::]:443: use of closed network connection" entryPointName=websecure
2025-01-10T15:24:12Z ERR error="accept tcp [::]:80: use of closed network connection" entryPointName=web
2025-01-10T15:24:12Z ERR error="accept tcp [::]:8082: use of closed network connection" entryPointName=metrics
2025-01-10T15:24:12Z ERR error="close tcp [::]:443: use of closed network connection" entryPointName=websecure
2025-01-10T15:24:12Z ERR error="close tcp [::]:8082: use of closed network connection" entryPointName=metrics
2025-01-10T15:24:12Z ERR error="close tcp [::]:80: use of closed network connection" entryPointName=web
2025-01-10T15:24:13Z INF Server stopped
2025-01-10T15:24:13Z INF Shutting down
2025-01-10T15:24:15Z INF Traefik version 3.2.1 built on 2024-11-20T17:39:47Z version=3.2.1
2025-01-10T15:24:15Z INF 
Stats collection is disabled.
Help us improve Traefik by turning this feature on :)
More details on: https://doc.traefik.io/traefik/contributing/data-collection/

2025-01-10T15:24:15Z INF Loading plugins... plugins=["fail2ban","geoblock"]
2025-01-10T15:24:16Z INF Plugins loaded. plugins=["fail2ban","geoblock"]
2025-01-10T15:24:16Z INF Starting provider aggregator *aggregator.ProviderAggregator
2025-01-10T15:24:16Z INF Starting provider *file.Provider
2025-01-10T15:24:16Z INF Starting provider *traefik.Provider
2025-01-10T15:24:16Z INF Starting provider *acme.ChallengeTLSALPN
2025-01-10T15:24:16Z INF Starting provider *docker.Provider
2025-01-10T15:34:21Z WRN A new release of Traefik has been found: 3.3.1. Please consider updating.
2025-01-10T15:42:17Z WRN Failed to inspect container 678bf6db544fc6b7972d165f3cc6956d795c1e7783dfd3d2ce1e9567a7ab94bf error="Error response from daemon: No such container: 678bf6db544fc6b7972d165f3cc6956d795c1e7783dfd3d2ce1e9567a7ab94bf" providerName=docker
2025-01-10T15:43:49Z INF I have to go...
2025-01-10T15:43:49Z INF Stopping server gracefully
2025-01-10T15:43:49Z ERR error="accept tcp [::]:80: use of closed network connection" entryPointName=web
2025-01-10T15:43:49Z ERR error="accept tcp [::]:8080: use of closed network connection" entryPointName=traefik
2025-01-10T15:43:49Z ERR error="accept tcp [::]:8082: use of closed network connection" entryPointName=metrics
2025-01-10T15:43:49Z ERR error="accept tcp [::]:443: use of closed network connection" entryPointName=websecure
2025-01-10T15:43:49Z ERR error="close tcp [::]:8082: use of closed network connection" entryPointName=metrics
2025-01-10T15:43:49Z ERR error="close tcp [::]:8080: use of closed network connection" entryPointName=traefik
2025-01-10T15:43:49Z ERR error="close tcp [::]:443: use of closed network connection" entryPointName=websecure
2025-01-10T15:43:49Z ERR error="close tcp [::]:80: use of closed network connection" entryPointName=web
2025-01-10T15:43:53Z INF Server stopped
2025-01-10T15:43:53Z INF Shutting down
2025-01-10T15:43:57Z INF Traefik version 3.2.1 built on 2024-11-20T17:39:47Z version=3.2.1
2025-01-10T15:43:57Z INF 
Stats collection is disabled.
Help us improve Traefik by turning this feature on :)
More details on: https://doc.traefik.io/traefik/contributing/data-collection/

2025-01-10T15:43:57Z INF Loading plugins... plugins=["fail2ban","geoblock"]
2025-01-10T15:43:59Z INF Plugins loaded. plugins=["fail2ban","geoblock"]
2025-01-10T15:43:59Z INF Starting provider aggregator *aggregator.ProviderAggregator
2025-01-10T15:43:59Z INF Starting provider *file.Provider
2025-01-10T15:43:59Z INF Starting provider *traefik.Provider
2025-01-10T15:43:59Z INF Starting provider *acme.ChallengeTLSALPN
2025-01-10T15:43:59Z INF Starting provider *docker.Provider
2025-01-10T15:44:11Z INF I have to go...
2025-01-10T15:44:11Z INF Stopping server gracefully
2025-01-10T15:44:11Z ERR error="accept tcp [::]:8080: use of closed network connection" entryPointName=traefik
2025-01-10T15:44:11Z ERR error="accept tcp [::]:80: use of closed network connection" entryPointName=web
2025-01-10T15:44:11Z ERR error="accept tcp [::]:443: use of closed network connection" entryPointName=websecure
2025-01-10T15:44:11Z ERR error="close tcp [::]:80: use of closed network connection" entryPointName=web
2025-01-10T15:44:11Z ERR error="close tcp [::]:8080: use of closed network connection" entryPointName=traefik
2025-01-10T15:44:11Z ERR error="accept tcp [::]:8082: use of closed network connection" entryPointName=metrics
2025-01-10T15:44:11Z ERR error="close tcp [::]:443: use of closed network connection" entryPointName=websecure
2025-01-10T15:44:11Z ERR error="close tcp [::]:8082: use of closed network connection" entryPointName=metrics
2025-01-10T15:44:11Z INF Shutting down
2025-01-10T15:44:11Z INF Server stopped
2025-01-10T15:44:15Z INF Traefik version 3.2.1 built on 2024-11-20T17:39:47Z version=3.2.1
2025-01-10T15:44:15Z INF 
Stats collection is disabled.
Help us improve Traefik by turning this feature on :)
More details on: https://doc.traefik.io/traefik/contributing/data-collection/

2025-01-10T15:44:15Z INF Loading plugins... plugins=["fail2ban","geoblock"]
2025-01-10T15:44:16Z INF Plugins loaded. plugins=["fail2ban","geoblock"]
2025-01-10T15:44:16Z INF Starting provider aggregator *aggregator.ProviderAggregator
2025-01-10T15:44:16Z INF Starting provider *file.Provider
2025-01-10T15:44:16Z INF Starting provider *traefik.Provider
2025-01-10T15:44:16Z INF Starting provider *acme.ChallengeTLSALPN
2025-01-10T15:44:16Z INF Starting provider *docker.Provider
2025-01-10T15:54:20Z WRN A new release of Traefik has been found: 3.3.1. Please consider updating.
2025-01-11T15:44:20Z WRN A new release of Traefik has been found: 3.3.1. Please consider updating.
2025-01-12T15:44:20Z WRN Error checking new version error="GET https://api.github.com/repos/traefik/traefik/releases: 403 API rate limit exceeded for 50.7.85.219. (But here's the good news: Authenticated requests get a higher rate limit. Check out the documentation for more details.) [rate reset in 23m10s]"
2025-01-13T15:44:16Z WRN A new release of Traefik has been found: 3.3.1. Please consider updating.
2025-01-13T20:14:52Z WRN Failed to inspect container 3c01b405dba796051b9261966ecdf6a9d7a12398bc54d5c7cbfaf190eedcc7ab error="Error response from daemon: No such container: 3c01b405dba796051b9261966ecdf6a9d7a12398bc54d5c7cbfaf190eedcc7ab" providerName=docker
2025-01-13T20:40:42Z WRN Failed to inspect container 31ee15c54a34f5b3618acfc93ea23133f074ce76fc4fa9ff87f601bffcad1867 error="Error response from daemon: No such container: 31ee15c54a34f5b3618acfc93ea23133f074ce76fc4fa9ff87f601bffcad1867" providerName=docker
2025-01-14T07:50:51Z WRN Failed to inspect container 2ab3dcb2dd0af1ef11b571e1fe61298fad3eb661b8632d02fd6de680c28f086c error="Error response from daemon: No such container: 2ab3dcb2dd0af1ef11b571e1fe61298fad3eb661b8632d02fd6de680c28f086c" providerName=docker
2025-01-14T08:21:04Z WRN Failed to inspect container 82ae1841aceda4144f690b93854e1452e2cd81a94701e7e560637aaa2b77fc19 error="Error response from daemon: No such container: 82ae1841aceda4144f690b93854e1452e2cd81a94701e7e560637aaa2b77fc19" providerName=docker
2025-01-14T08:47:53Z WRN Failed to inspect container 275d9f36124d62f5b80b672f3d1f94e2a329bb70b0f06c54e23940d807b6d280 error="Error response from daemon: No such container: 275d9f36124d62f5b80b672f3d1f94e2a329bb70b0f06c54e23940d807b6d280" providerName=docker
2025-01-14T08:47:53Z WRN Failed to inspect container f009dff8f59c3adacff5467e087bec7d628dffdb4a5e5d53fa2333bb54344353 error="Error response from daemon: No such container: f009dff8f59c3adacff5467e087bec7d628dffdb4a5e5d53fa2333bb54344353" providerName=docker
2025-01-14T08:47:55Z WRN Failed to inspect container 95b47f5a58a43f247f71235e1d271ffec99b0b0df106bd250e8bac4451868289 error="Error response from daemon: No such container: 95b47f5a58a43f247f71235e1d271ffec99b0b0df106bd250e8bac4451868289" providerName=docker
2025-01-14T08:47:59Z WRN Failed to inspect container d35af5f901798791820139d6df5818d18e63573fa2f9a9778f11ddfa3ee1872e error="Error response from daemon: No such container: d35af5f901798791820139d6df5818d18e63573fa2f9a9778f11ddfa3ee1872e" providerName=docker
2025-01-14T08:48:01Z WRN Failed to inspect container 996fcb597c3a34b060d633d1298a98f905ad0825a89262f2992a55abbefca7da error="Error response from daemon: No such container: 996fcb597c3a34b060d633d1298a98f905ad0825a89262f2992a55abbefca7da" providerName=docker
2025-01-14T08:48:01Z WRN Failed to inspect container 8a48953559e568b88fa9ea4785b29892a2bbb75a5363d649863c93bb595a0b5c error="Error response from daemon: No such container: 8a48953559e568b88fa9ea4785b29892a2bbb75a5363d649863c93bb595a0b5c" providerName=docker
2025-01-14T08:48:01Z WRN Failed to inspect container 04021add10d4e60300d5e4a024f187ddd0f6ed3be7db08cb24206043d8a0d429 error="Error response from daemon: No such container: 04021add10d4e60300d5e4a024f187ddd0f6ed3be7db08cb24206043d8a0d429" providerName=docker
2025-01-14T08:55:05Z WRN Failed to inspect container 0e56d5aeefae80df62946ad6f0354c35709fbb4823951cbd8b5c77de3964f2a9 error="Error response from daemon: No such container: 0e56d5aeefae80df62946ad6f0354c35709fbb4823951cbd8b5c77de3964f2a9" providerName=docker
2025-01-14T08:55:10Z WRN Failed to inspect container 59e0cf269fb16ca7c13b6a26862e75ac21d00b53f31d4aa6a56cfcda9c5b6f0f error="Error response from daemon: No such container: 59e0cf269fb16ca7c13b6a26862e75ac21d00b53f31d4aa6a56cfcda9c5b6f0f" providerName=docker
2025-01-14T08:55:13Z WRN Failed to inspect container d2d0a2f7f69ffde7d8791a6223c65bb07e941ba10ef6e79ed26595ccba6bf80d error="Error response from daemon: No such container: d2d0a2f7f69ffde7d8791a6223c65bb07e941ba10ef6e79ed26595ccba6bf80d" providerName=docker
2025-01-14T08:55:15Z WRN Failed to inspect container 6bbf9282a0a1e7758c2bb1680a7c0175e3244b0f85915423adbf63326bcbef90 error="Error response from daemon: No such container: 6bbf9282a0a1e7758c2bb1680a7c0175e3244b0f85915423adbf63326bcbef90" providerName=docker
2025-01-14T09:08:21Z WRN Failed to inspect container 5d43f4fa3ca35905b25cea892546ec917a889c2ce9b32e5d60117ebb4488edc6 error="Error response from daemon: No such container: 5d43f4fa3ca35905b25cea892546ec917a889c2ce9b32e5d60117ebb4488edc6" providerName=docker
2025-01-14T09:08:30Z WRN Failed to inspect container adcf67546ff13ac0ea7e145cbcfb1e0aa1d707c791701157f10ba7d830ed70ac error="Error response from daemon: No such container: adcf67546ff13ac0ea7e145cbcfb1e0aa1d707c791701157f10ba7d830ed70ac" providerName=docker
2025-01-14T09:08:32Z WRN Failed to inspect container 118ea1697c8a7698782b56ac1f13b27ebe5bfc46b25c8cf054dbad170c8b1b35 error="Error response from daemon: No such container: 118ea1697c8a7698782b56ac1f13b27ebe5bfc46b25c8cf054dbad170c8b1b35" providerName=docker
2025-01-14T10:01:22Z WRN Failed to inspect container 8b6a8b52463ad54d6a51bf901e361cb704bf3bfe88195c1c65ebd917ee9783c9 error="Error response from daemon: No such container: 8b6a8b52463ad54d6a51bf901e361cb704bf3bfe88195c1c65ebd917ee9783c9" providerName=docker
2025-01-14T10:03:33Z WRN Failed to inspect container 589bb017824bfab46d8bf877ecc07299ae57455dfd7e8e5941fc6cb347b91d3d error="Error response from daemon: No such container: 589bb017824bfab46d8bf877ecc07299ae57455dfd7e8e5941fc6cb347b91d3d" providerName=docker
2025-01-14T10:26:42Z WRN Failed to inspect container 8fdcb602a79125fb0c1e33c155a2a96e9656b23560592badc8e4564365216fcf error="Error response from daemon: No such container: 8fdcb602a79125fb0c1e33c155a2a96e9656b23560592badc8e4564365216fcf" providerName=docker
2025-01-14T10:28:10Z WRN Failed to inspect container ac2dec64b4ffa73060083d74283866101fc4200a4b0c07a03e90f46d26368e60 error="Error response from daemon: No such container: ac2dec64b4ffa73060083d74283866101fc4200a4b0c07a03e90f46d26368e60" providerName=docker
2025-01-14T10:28:16Z WRN Failed to inspect container 821699f12ceea5d900e11f52e91e76f66310439ca48c460ae09078d06143c4da error="Error response from daemon: No such container: 821699f12ceea5d900e11f52e91e76f66310439ca48c460ae09078d06143c4da" providerName=docker
2025-01-14T10:29:36Z INF I have to go...
2025-01-14T10:29:36Z INF Stopping server gracefully
2025-01-14T10:29:36Z ERR error="accept tcp [::]:80: use of closed network connection" entryPointName=web
2025-01-14T10:29:36Z ERR error="accept tcp [::]:8082: use of closed network connection" entryPointName=metrics
2025-01-14T10:29:36Z ERR error="accept tcp [::]:443: use of closed network connection" entryPointName=websecure
2025-01-14T10:29:36Z ERR error="accept tcp [::]:8080: use of closed network connection" entryPointName=traefik
2025-01-14T10:29:36Z ERR error="close tcp [::]:8082: use of closed network connection" entryPointName=metrics
2025-01-14T10:29:36Z ERR error="close tcp [::]:8080: use of closed network connection" entryPointName=traefik
2025-01-14T10:29:36Z ERR error="close tcp [::]:443: use of closed network connection" entryPointName=websecure
2025-01-14T10:29:36Z ERR error="close tcp [::]:80: use of closed network connection" entryPointName=web
2025-01-14T10:29:36Z INF Server stopped
2025-01-14T10:29:36Z INF Shutting down
2025-01-14T10:29:39Z INF Traefik version 3.2.1 built on 2024-11-20T17:39:47Z version=3.2.1
2025-01-14T10:29:39Z INF 
Stats collection is disabled.
Help us improve Traefik by turning this feature on :)
More details on: https://doc.traefik.io/traefik/contributing/data-collection/

2025-01-14T10:29:39Z INF Loading plugins... plugins=["geoblock","fail2ban"]
2025-01-14T10:29:42Z INF Plugins loaded. plugins=["geoblock","fail2ban"]
2025-01-14T10:29:42Z INF Starting provider aggregator *aggregator.ProviderAggregator
2025-01-14T10:29:42Z INF Starting provider *file.Provider
2025-01-14T10:29:42Z INF Starting provider *traefik.Provider
2025-01-14T10:29:42Z INF Starting provider *docker.Provider
2025-01-14T10:29:42Z INF Starting provider *acme.ChallengeTLSALPN
2025-01-14T10:30:10Z INF I have to go...
2025-01-14T10:30:10Z INF Stopping server gracefully
2025-01-14T10:30:10Z ERR error="accept tcp [::]:80: use of closed network connection" entryPointName=web
2025-01-14T10:30:10Z ERR error="accept tcp [::]:8082: use of closed network connection" entryPointName=metrics
2025-01-14T10:30:10Z ERR Error while starting server error="accept tcp [::]:8082: use of closed network connection" entryPointName=metrics
2025-01-14T10:30:10Z ERR error="accept tcp [::]:8080: use of closed network connection" entryPointName=traefik
2025-01-14T10:30:10Z ERR error="accept tcp [::]:443: use of closed network connection" entryPointName=websecure
2025-01-14T10:30:10Z ERR error="close tcp [::]:80: use of closed network connection" entryPointName=web
2025-01-14T10:30:10Z ERR error="close tcp [::]:8080: use of closed network connection" entryPointName=traefik
2025-01-14T10:30:10Z ERR error="close tcp [::]:443: use of closed network connection" entryPointName=websecure
2025-01-14T10:30:11Z INF Shutting down
2025-01-14T10:30:11Z INF Server stopped
2025-01-14T10:30:16Z INF Traefik version 3.2.1 built on 2024-11-20T17:39:47Z version=3.2.1
2025-01-14T10:30:16Z INF 
Stats collection is disabled.
Help us improve Traefik by turning this feature on :)
More details on: https://doc.traefik.io/traefik/contributing/data-collection/

2025-01-14T10:30:16Z INF Loading plugins... plugins=["fail2ban","geoblock"]
2025-01-14T10:30:17Z INF Plugins loaded. plugins=["fail2ban","geoblock"]
2025-01-14T10:30:17Z INF Starting provider aggregator *aggregator.ProviderAggregator
2025-01-14T10:30:17Z INF Starting provider *file.Provider
2025-01-14T10:30:17Z INF Starting provider *traefik.Provider
2025-01-14T10:30:17Z INF Starting provider *docker.Provider
2025-01-14T10:30:17Z INF Starting provider *acme.ChallengeTLSALPN
2025-01-14T10:40:21Z WRN A new release of Traefik has been found: 3.3.1. Please consider updating.
2025-01-14T11:03:33Z WRN Failed to inspect container bbf68e5447149ff55a0bf6721092571e75abca11ecf596021a4d1c21036836f0 error="Error response from daemon: No such container: bbf68e5447149ff55a0bf6721092571e75abca11ecf596021a4d1c21036836f0" providerName=docker
2025-01-14T11:03:37Z WRN Failed to inspect container 1cb159cc3114745b3b2e13bf9bf2ddd8603677fc00bf2be3a45b2eff028648b3 error="Error response from daemon: No such container: 1cb159cc3114745b3b2e13bf9bf2ddd8603677fc00bf2be3a45b2eff028648b3" providerName=docker
2025-01-15T10:30:21Z WRN Error checking new version error="GET https://api.github.com/repos/traefik/traefik/releases: 403 API rate limit exceeded for 50.7.87.86. (But here's the good news: Authenticated requests get a higher rate limit. Check out the documentation for more details.) [rate reset in 6m01s]"
2025-01-16T10:30:23Z WRN A new release of Traefik has been found: 3.3.2. Please consider updating.
2025-01-16T15:02:11Z INF I have to go...
2025-01-16T15:02:11Z INF Stopping server gracefully
2025-01-16T15:02:11Z ERR error="accept tcp [::]:8080: use of closed network connection" entryPointName=traefik
2025-01-16T15:02:11Z ERR error="accept tcp [::]:443: use of closed network connection" entryPointName=websecure
2025-01-16T15:02:11Z ERR error="accept tcp [::]:8082: use of closed network connection" entryPointName=metrics
2025-01-16T15:02:11Z ERR error="accept tcp [::]:80: use of closed network connection" entryPointName=web
2025-01-16T15:02:11Z ERR error="close tcp [::]:8080: use of closed network connection" entryPointName=traefik
2025-01-16T15:02:11Z ERR error="close tcp [::]:8082: use of closed network connection" entryPointName=metrics
2025-01-16T15:02:11Z ERR error="close tcp [::]:443: use of closed network connection" entryPointName=websecure
2025-01-16T15:02:11Z ERR error="close tcp [::]:80: use of closed network connection" entryPointName=web
2025-01-16T15:02:11Z INF Server stopped
2025-01-16T15:02:11Z INF Shutting down
2025-01-16T15:04:30Z INF Traefik version 3.2.1 built on 2024-11-20T17:39:47Z version=3.2.1
2025-01-16T15:04:30Z INF 
Stats collection is disabled.
Help us improve Traefik by turning this feature on :)
More details on: https://doc.traefik.io/traefik/contributing/data-collection/

2025-01-16T15:04:30Z INF Loading plugins... plugins=["fail2ban","geoblock"]
2025-01-16T15:04:38Z INF Plugins loaded. plugins=["fail2ban","geoblock"]
2025-01-16T15:04:38Z INF Starting provider aggregator *aggregator.ProviderAggregator
2025-01-16T15:04:38Z INF Starting provider *file.Provider
2025-01-16T15:04:38Z INF Starting provider *traefik.Provider
2025-01-16T15:04:38Z INF Starting provider *acme.ChallengeTLSALPN
2025-01-16T15:04:38Z INF Starting provider *docker.Provider
2025-01-16T15:14:33Z WRN Error checking new version error="GET https://api.github.com/repos/traefik/traefik/releases: 403 API rate limit exceeded for 50.7.87.83. (But here's the good news: Authenticated requests get a higher rate limit. Check out the documentation for more details.) [rate reset in 3m59s]"
2025-01-17T15:04:31Z WRN Error checking new version error="GET https://api.github.com/repos/traefik/traefik/releases: 403 API rate limit exceeded for 185.234.66.93. (But here's the good news: Authenticated requests get a higher rate limit. Check out the documentation for more details.) [rate reset in 22m17s]"
2025-01-18T15:04:31Z WRN Error checking new version error="GET https://api.github.com/repos/traefik/traefik/releases: 403 API rate limit exceeded for 185.234.66.93. (But here's the good news: Authenticated requests get a higher rate limit. Check out the documentation for more details.) [rate reset in 44m43s]"
2025-01-19T15:04:32Z WRN A new release of Traefik has been found: 3.3.2. Please consider updating.
2025-01-20T15:04:31Z WRN Error checking new version error="GET https://api.github.com/repos/traefik/traefik/releases: 403 API rate limit exceeded for 45.12.143.167. (But here's the good news: Authenticated requests get a higher rate limit. Check out the documentation for more details.) [rate reset in 14m05s]"
2025-01-21T15:04:31Z WRN Error checking new version error="GET https://api.github.com/repos/traefik/traefik/releases: 403 API rate limit exceeded for 185.234.66.93. (But here's the good news: Authenticated requests get a higher rate limit. Check out the documentation for more details.) [rate reset in 41m50s]"
2025-01-22T15:04:32Z WRN A new release of Traefik has been found: 3.3.2. Please consider updating.
2025-01-22T17:39:58Z WRN Failed to inspect container fb9cebdb48b541f4afe3e98b6cfa7d30f00c969b2e3832c5c9d8a6e4ba06816f error="Error response from daemon: No such container: fb9cebdb48b541f4afe3e98b6cfa7d30f00c969b2e3832c5c9d8a6e4ba06816f" providerName=docker
2025-01-22T17:40:03Z WRN Failed to inspect container 88281a10454180db47a26ef857dc68b571f9c03bd608087a3f51d9a55006cd0e error="Error response from daemon: No such container: 88281a10454180db47a26ef857dc68b571f9c03bd608087a3f51d9a55006cd0e" providerName=docker
2025-01-22T18:23:33Z WRN Failed to inspect container 531aa51d06c59c860b732ad225f5ebb5eb5fb0f87f4e8cc0e733c8fc368ebd45 error="Error response from daemon: No such container: 531aa51d06c59c860b732ad225f5ebb5eb5fb0f87f4e8cc0e733c8fc368ebd45" providerName=docker
2025-01-22T18:26:57Z WRN Failed to inspect container 35a8a8af7d5fd0f8c2cf16fc0ba7c57a8e21225bedce250ad2fe918b580c971d error="Error response from daemon: No such container: 35a8a8af7d5fd0f8c2cf16fc0ba7c57a8e21225bedce250ad2fe918b580c971d" providerName=docker
2025-01-22T18:27:01Z WRN Failed to inspect container daa730bf6ab5c4bfe41f286fcc866205a5a73dcb88fce4dfe5f50256f85cc828 error="Error response from daemon: No such container: daa730bf6ab5c4bfe41f286fcc866205a5a73dcb88fce4dfe5f50256f85cc828" providerName=docker
